2015/04/16 11:29:41 [error] [exception.CHttpException.404] exception 'CHttpException' with message 'Unable to resolve the request "gii".' in C:\wamp\www\yii\framework\web\CWebApplication.php:286
Stack trace:
#0 C:\wamp\www\yii\framework\web\CWebApplication.php(141): CWebApplication->runController('gii')
#1 C:\wamp\www\yii\framework\base\CApplication.php(184): CWebApplication->processRequest()
#2 C:\wamp\www\yiiapp\index.php(13): CApplication->run()
#3 {main}
REQUEST_URI=/yiiapp/index.php?r=gii
---
2015/04/16 11:42:27 [error] [exception.CDbException] exception 'CDbException' with message 'CDbConnection failed to open the DB connection: SQLSTATE[HY000] [1049] Base 'testdrive' inconnue' in C:\wamp\www\yii\framework\db\CDbConnection.php:399
Stack trace:
#0 C:\wamp\www\yii\framework\db\CDbConnection.php(347): CDbConnection->open()
#1 C:\wamp\www\yii\framework\db\CDbConnection.php(325): CDbConnection->setActive(true)
#2 C:\wamp\www\yii\framework\base\CModule.php(394): CDbConnection->init()
#3 C:\wamp\www\yii\framework\base\CModule.php(103): CModule->getComponent('db')
#4 C:\wamp\www\yii\framework\gii\generators\model\ModelCode.php(60): CModule->__get('db')
#5 C:\wamp\www\yii\framework\web\CFormModel.php(39): ModelCode->init()
#6 C:\wamp\www\yii\framework\gii\CCodeGenerator.php(153): CFormModel->__construct()
#7 C:\wamp\www\yii\framework\gii\CCodeGenerator.php(63): CCodeGenerator->prepare()
#8 C:\wamp\www\yii\framework\web\actions\CInlineAction.php(49): CCodeGenerator->actionIndex()
#9 C:\wamp\www\yii\framework\web\CController.php(308): CInlineAction->runWithParams(Array)
#10 C:\wamp\www\yii\framework\web\CController.php(286): CController->runAction(Object(CInlineAction))
#11 C:\wamp\www\yii\framework\web\CController.php(265): CController->runActionWithFilters(Object(CInlineAction), Array)
#12 C:\wamp\www\yii\framework\web\CWebApplication.php(282): CController->run('index')
#13 C:\wamp\www\yii\framework\web\CWebApplication.php(141): CWebApplication->runController('gii/model/index')
#14 C:\wamp\www\yii\framework\base\CApplication.php(184): CWebApplication->processRequest()
#15 C:\wamp\www\yiiapp\index.php(13): CApplication->run()
#16 {main}
REQUEST_URI=/yiiapp/index.php?r=gii/model/index
HTTP_REFERER=http://localhost/yiiapp/index.php?r=gii/default/index
---
